2025-01-09 20:29:34,214 - INFO - Robo Trader iniciado...
2025-01-09 20:29:34,784 - INFO - ----------------------------
Executado: 2025-01-09 20:29:34
Posiï¿½ï¿½o atual: Vendido
Balanï¿½o atual: 0.0 (SOL)
----------------------------

2025-01-09 20:30:35,350 - INFO - ----------------------------
Executado: 2025-01-09 20:30:35
Posição atual: Vendido
Balanço atual: 0.0 (SOL)
----------------------------

2025-01-09 20:31:35,898 - INFO - ----------------------------
Executado: 2025-01-09 20:31:35
Posição atual: Vendido
Balanço atual: 0.0 (SOL)
----------------------------

2025-01-09 20:32:36,445 - INFO - ----------------------------
Executado: 2025-01-09 20:32:36
Posição atual: Vendido
Balanço atual: 0.0 (SOL)
----------------------------

2025-01-09 20:33:05,003 - INFO - Robo Trader iniciado...
2025-01-09 20:33:05,549 - INFO - ----------------------------
Executado: 2025-01-09 20:33:05
Posição atual: Vendido
Balanço atual: 0.0 (SOL)
----------------------------

2025-01-09 20:34:06,098 - INFO - ----------------------------
Executado: 2025-01-09 20:34:06
Posição atual: Vendido
Balanço atual: 0.0 (SOL)
----------------------------

2025-01-09 20:35:06,652 - INFO - ----------------------------
Executado: 2025-01-09 20:35:06
Posição atual: Vendido
Balanço atual: 0.0 (SOL)
----------------------------

2025-01-09 20:36:07,204 - INFO - ----------------------------
Executado: 2025-01-09 20:36:07
Posição atual: Vendido
Balanço atual: 0.0 (SOL)
----------------------------

2025-01-09 20:37:07,747 - INFO - ----------------------------
Executado: 2025-01-09 20:37:07
Posição atual: Vendido
Balanço atual: 0.0 (SOL)
----------------------------

2025-01-09 20:38:08,299 - INFO - ----------------------------
Executado: 2025-01-09 20:38:08
Posição atual: Vendido
Balanço atual: 0.0 (SOL)
----------------------------

2025-01-09 20:39:08,844 - INFO - ----------------------------
Executado: 2025-01-09 20:39:08
Posição atual: Vendido
Balanço atual: 0.0 (SOL)
----------------------------

2025-01-09 20:40:15,399 - INFO - Robo Trader iniciado...
2025-01-09 20:40:15,955 - INFO - ----------------------------
Executado: 2025-01-09 20:40:15
Posição atual: Vendido
Balanço atual: 0.0 (SOL)
----------------------------

2025-01-09 20:41:16,505 - INFO - ----------------------------
Executado: 2025-01-09 20:41:16
Posição atual: Vendido
Balanço atual: 0.0 (SOL)
----------------------------

2025-01-09 20:42:17,049 - INFO - ----------------------------
Executado: 2025-01-09 20:42:17
Posição atual: Vendido
Balanço atual: 0.0 (SOL)
----------------------------

2025-01-09 20:43:17,606 - INFO - ----------------------------
Executado: 2025-01-09 20:43:17
Posição atual: Vendido
Balanço atual: 0.0 (SOL)
----------------------------

2025-01-09 20:44:18,152 - INFO - ----------------------------
Executado: 2025-01-09 20:44:18
Posição atual: Vendido
Balanço atual: 0.0 (SOL)
----------------------------

2025-01-09 20:45:18,702 - INFO - ----------------------------
Executado: 2025-01-09 20:45:18
Posição atual: Vendido
Balanço atual: 0.0 (SOL)
----------------------------

2025-01-09 20:46:19,253 - INFO - ----------------------------
Executado: 2025-01-09 20:46:19
Posição atual: Vendido
Balanço atual: 0.0 (SOL)
----------------------------

2025-01-09 20:47:19,829 - INFO - ----------------------------
Executado: 2025-01-09 20:47:19
Posição atual: Vendido
Balanço atual: 0.0 (SOL)
----------------------------

2025-01-09 20:48:06,086 - INFO - Robo Trader iniciado...
2025-01-09 20:48:06,647 - INFO - ---------------
Estratégia executada: Média Móvel
SOLUSDT: 185.514 - Última Média Rápida 
 187.583 - Última Média LentaDecisão de posição: Vender
---------------

2025-01-09 20:48:06,650 - INFO - ----------------------------
Executado: 2025-01-09 20:48:06
Posição atual: Vendido
Balanço atual: 0.0 (SOL)
----------------------------

2025-01-09 20:49:07,202 - INFO - ---------------
Estratégia executada: Média Móvel
SOLUSDT: 185.511 - Última Média Rápida 
 187.582 - Última Média LentaDecisão de posição: Vender
---------------

2025-01-09 20:49:07,202 - INFO - ----------------------------
Executado: 2025-01-09 20:49:07
Posição atual: Vendido
Balanço atual: 0.0 (SOL)
----------------------------

2025-01-09 20:50:07,754 - INFO - ---------------
Estratégia executada: Média Móvel
SOLUSDT: 185.507 - Última Média Rápida 
 187.581 - Última Média LentaDecisão de posição: Vender
---------------

2025-01-09 20:50:07,755 - INFO - ----------------------------
Executado: 2025-01-09 20:50:07
Posição atual: Vendido
Balanço atual: 0.0 (SOL)
----------------------------

2025-01-09 20:51:08,306 - INFO - ---------------
Estratégia executada: Média Móvel
SOLUSDT: 185.543 - Última Média Rápida 
 187.588 - Última Média LentaDecisão de posição: Vender
---------------

2025-01-09 20:51:08,307 - INFO - ----------------------------
Executado: 2025-01-09 20:51:08
Posição atual: Vendido
Balanço atual: 0.0 (SOL)
----------------------------

2025-01-09 20:52:08,859 - INFO - ---------------
Estratégia executada: Média Móvel
SOLUSDT: 185.554 - Última Média Rápida 
 187.589 - Última Média LentaDecisão de posição: Vender
---------------

2025-01-09 20:52:08,859 - INFO - ----------------------------
Executado: 2025-01-09 20:52:08
Posição atual: Vendido
Balanço atual: 0.0 (SOL)
----------------------------

2025-01-09 20:53:09,414 - INFO - ---------------
Estratégia executada: Média Móvel
SOLUSDT: 185.604 - Última Média Rápida 
 187.598 - Última Média LentaDecisão de posição: Vender
---------------

2025-01-09 20:53:09,414 - INFO - ----------------------------
Executado: 2025-01-09 20:53:09
Posição atual: Vendido
Balanço atual: 0.0 (SOL)
----------------------------

2025-01-09 20:54:09,959 - INFO - ---------------
Estratégia executada: Média Móvel
SOLUSDT: 185.591 - Última Média Rápida 
 187.596 - Última Média LentaDecisão de posição: Vender
---------------

2025-01-09 20:54:09,959 - INFO - ----------------------------
Executado: 2025-01-09 20:54:09
Posição atual: Vendido
Balanço atual: 0.0 (SOL)
----------------------------

2025-01-09 20:55:10,507 - INFO - ---------------
Estratégia executada: Média Móvel
SOLUSDT: 185.573 - Última Média Rápida 
 187.593 - Última Média LentaDecisão de posição: Vender
---------------

2025-01-09 20:55:10,508 - INFO - ----------------------------
Executado: 2025-01-09 20:55:10
Posição atual: Vendido
Balanço atual: 0.0 (SOL)
----------------------------

2025-01-09 20:56:11,064 - INFO - ---------------
Estratégia executada: Média Móvel
SOLUSDT: 185.569 - Última Média Rápida 
 187.592 - Última Média LentaDecisão de posição: Vender
---------------

2025-01-09 20:56:11,064 - INFO - ----------------------------
Executado: 2025-01-09 20:56:11
Posição atual: Vendido
Balanço atual: 0.0 (SOL)
----------------------------

2025-01-09 20:57:11,611 - INFO - ---------------
Estratégia executada: Média Móvel
SOLUSDT: 185.566 - Última Média Rápida 
 187.591 - Última Média LentaDecisão de posição: Vender
---------------

2025-01-09 20:57:11,611 - INFO - ----------------------------
Executado: 2025-01-09 20:57:11
Posição atual: Vendido
Balanço atual: 0.0 (SOL)
----------------------------

2025-01-09 20:58:12,159 - INFO - ---------------
Estratégia executada: Média Móvel
SOLUSDT: 185.581 - Última Média Rápida 
 187.594 - Última Média LentaDecisão de posição: Vender
---------------

2025-01-09 20:58:12,160 - INFO - ----------------------------
Executado: 2025-01-09 20:58:12
Posição atual: Vendido
Balanço atual: 0.0 (SOL)
----------------------------

2025-01-09 20:59:12,706 - INFO - ---------------
Estratégia executada: Média Móvel
SOLUSDT: 185.593 - Última Média Rápida 
 187.596 - Última Média LentaDecisão de posição: Vender
---------------

2025-01-09 20:59:12,706 - INFO - ----------------------------
Executado: 2025-01-09 20:59:12
Posição atual: Vendido
Balanço atual: 0.0 (SOL)
----------------------------

2025-01-09 21:00:13,257 - INFO - ---------------
Estratégia executada: Média Móvel
SOLUSDT: 185.493 - Última Média Rápida 
 187.544 - Última Média LentaDecisão de posição: Vender
---------------

2025-01-09 21:00:13,257 - INFO - ----------------------------
Executado: 2025-01-09 21:00:13
Posição atual: Vendido
Balanço atual: 0.0 (SOL)
----------------------------

2025-01-09 21:01:13,821 - INFO - ---------------
Estratégia executada: Média Móvel
SOLUSDT: 185.561 - Última Média Rápida 
 187.556 - Última Média LentaDecisão de posição: Vender
---------------

2025-01-09 21:01:13,821 - INFO - ----------------------------
Executado: 2025-01-09 21:01:13
Posição atual: Vendido
Balanço atual: 0.0 (SOL)
----------------------------

2025-01-09 21:02:14,381 - INFO - ---------------
Estratégia executada: Média Móvel
SOLUSDT: 185.553 - Última Média Rápida 
 187.554 - Última Média LentaDecisão de posição: Vender
---------------

2025-01-09 21:02:14,381 - INFO - ----------------------------
Executado: 2025-01-09 21:02:14
Posição atual: Vendido
Balanço atual: 0.0 (SOL)
----------------------------

2025-01-09 21:03:14,953 - INFO - ---------------
Estratégia executada: Média Móvel
SOLUSDT: 185.567 - Última Média Rápida 
 187.557 - Última Média LentaDecisão de posição: Vender
---------------

2025-01-09 21:03:14,954 - INFO - ----------------------------
Executado: 2025-01-09 21:03:14
Posição atual: Vendido
Balanço atual: 0.0 (SOL)
----------------------------

2025-01-09 21:04:15,512 - INFO - ---------------
Estratégia executada: Média Móvel
SOLUSDT: 185.513 - Última Média Rápida 
 187.547 - Última Média LentaDecisão de posição: Vender
---------------

2025-01-09 21:04:15,513 - INFO - ----------------------------
Executado: 2025-01-09 21:04:15
Posição atual: Vendido
Balanço atual: 0.0 (SOL)
----------------------------

2025-01-09 21:05:16,068 - INFO - ---------------
Estratégia executada: Média Móvel
SOLUSDT: 185.529 - Última Média Rápida 
 187.550 - Última Média LentaDecisão de posição: Vender
---------------

2025-01-09 21:05:16,069 - INFO - ----------------------------
Executado: 2025-01-09 21:05:16
Posição atual: Vendido
Balanço atual: 0.0 (SOL)
----------------------------

2025-01-09 21:06:16,634 - INFO - ---------------
Estratégia executada: Média Móvel
SOLUSDT: 185.547 - Última Média Rápida 
 187.553 - Última Média LentaDecisão de posição: Vender
---------------

2025-01-09 21:06:16,635 - INFO - ----------------------------
Executado: 2025-01-09 21:06:16
Posição atual: Vendido
Balanço atual: 0.0 (SOL)
----------------------------

2025-01-09 21:07:17,196 - INFO - ---------------
Estratégia executada: Média Móvel
SOLUSDT: 185.587 - Última Média Rápida 
 187.560 - Última Média LentaDecisão de posição: Vender
---------------

2025-01-09 21:07:17,196 - INFO - ----------------------------
Executado: 2025-01-09 21:07:17
Posição atual: Vendido
Balanço atual: 0.0 (SOL)
----------------------------

2025-01-09 21:08:17,763 - INFO - ---------------
Estratégia executada: Média Móvel
SOLUSDT: 185.569 - Última Média Rápida 
 187.557 - Última Média LentaDecisão de posição: Vender
---------------

2025-01-09 21:08:17,764 - INFO - ----------------------------
Executado: 2025-01-09 21:08:17
Posição atual: Vendido
Balanço atual: 0.0 (SOL)
----------------------------

2025-01-09 21:09:16,602 - INFO - Robo Trader iniciado...
2025-01-09 21:09:17,165 - INFO - ---------------
Estratégia executada: Moving Average com Volatilidade + Gradiente
SOLUSDT: 185.543 - Última Média Rápida 
 187.552 - Última Média LentaÚltima Volatilidade: 2.612 \ Média da Volatilidade: 2.182Diferença Atual: -2.010Gradiente rápido: -0.026 (Descendo)Gradiente lento: -0.040Decisão: Vender
---------------

2025-01-09 21:09:17,166 - INFO - ----------------------------
Executado: 2025-01-09 21:09:17
Posição atual: Vendido
Balanço atual: 0.0 (SOL)
----------------------------

2025-01-09 21:10:17,745 - INFO - ---------------
Estratégia executada: Moving Average com Volatilidade + Gradiente
SOLUSDT: 185.570 - Última Média Rápida 
 187.557 - Última Média LentaÚltima Volatilidade: 2.608 \ Média da Volatilidade: 2.182Diferença Atual: -1.987Gradiente rápido: 0.001 (Subindo)Gradiente lento: -0.035Decisão: Vender
---------------

2025-01-09 21:10:17,745 - INFO - ----------------------------
Executado: 2025-01-09 21:10:17
Posição atual: Vendido
Balanço atual: 0.0 (SOL)
----------------------------

2025-01-09 21:11:18,298 - INFO - ---------------
Estratégia executada: Moving Average com Volatilidade + Gradiente
SOLUSDT: 185.644 - Última Média Rápida 
 187.570 - Última Média LentaÚltima Volatilidade: 2.600 \ Média da Volatilidade: 2.181Diferença Atual: -1.926Gradiente rápido: 0.076 (Subindo)Gradiente lento: -0.022Decisão: Vender
---------------

2025-01-09 21:11:18,299 - INFO - ----------------------------
Executado: 2025-01-09 21:11:18
Posição atual: Vendido
Balanço atual: 0.0 (SOL)
----------------------------

2025-01-09 21:12:18,848 - INFO - ---------------
Estratégia executada: Moving Average com Volatilidade + Gradiente
SOLUSDT: 185.686 - Última Média Rápida 
 187.577 - Última Média LentaÚltima Volatilidade: 2.596 \ Média da Volatilidade: 2.181Diferença Atual: -1.892Gradiente rápido: 0.117 (Subindo)Gradiente lento: -0.015Decisão: Vender
---------------

2025-01-09 21:12:18,849 - INFO - ----------------------------
Executado: 2025-01-09 21:12:18
Posição atual: Vendido
Balanço atual: 0.0 (SOL)
----------------------------

2025-01-09 21:13:19,395 - INFO - ---------------
Estratégia executada: Moving Average com Volatilidade + Gradiente
SOLUSDT: 185.694 - Última Média Rápida 
 187.579 - Última Média LentaÚltima Volatilidade: 2.596 \ Média da Volatilidade: 2.181Diferença Atual: -1.885Gradiente rápido: 0.126 (Subindo)Gradiente lento: -0.013Decisão: Vender
---------------

2025-01-09 21:13:19,395 - INFO - ----------------------------
Executado: 2025-01-09 21:13:19
Posição atual: Vendido
Balanço atual: 0.0 (SOL)
----------------------------

2025-01-09 21:14:19,950 - INFO - ---------------
Estratégia executada: Moving Average com Volatilidade + Gradiente
SOLUSDT: 185.677 - Última Média Rápida 
 187.576 - Última Média LentaÚltima Volatilidade: 2.597 \ Média da Volatilidade: 2.181Diferença Atual: -1.899Gradiente rápido: 0.109 (Subindo)Gradiente lento: -0.016Decisão: Vender
---------------

2025-01-09 21:14:19,950 - INFO - ----------------------------
Executado: 2025-01-09 21:14:19
Posição atual: Vendido
Balanço atual: 0.0 (SOL)
----------------------------

2025-01-09 21:15:20,500 - INFO - ---------------
Estratégia executada: Moving Average com Volatilidade + Gradiente
SOLUSDT: 185.593 - Última Média Rápida 
 187.555 - Última Média LentaÚltima Volatilidade: 2.604 \ Média da Volatilidade: 2.187Diferença Atual: -1.962Gradiente rápido: -0.073 (Descendo)Gradiente lento: -0.019Decisão: Vender
---------------

2025-01-09 21:15:20,500 - INFO - ----------------------------
Executado: 2025-01-09 21:15:20
Posição atual: Vendido
Balanço atual: 0.0 (SOL)
----------------------------

2025-01-09 21:16:21,050 - INFO - ---------------
Estratégia executada: Moving Average com Volatilidade + Gradiente
SOLUSDT: 185.617 - Última Média Rápida 
 187.559 - Última Média LentaÚltima Volatilidade: 2.603 \ Média da Volatilidade: 2.187Diferença Atual: -1.942Gradiente rápido: -0.049 (Descendo)Gradiente lento: -0.015Decisão: Vender
---------------

2025-01-09 21:16:21,051 - INFO - ----------------------------
Executado: 2025-01-09 21:16:21
Posição atual: Vendido
Balanço atual: 0.0 (SOL)
----------------------------

2025-01-09 21:17:21,606 - INFO - ---------------
Estratégia executada: Moving Average com Volatilidade + Gradiente
SOLUSDT: 185.654 - Última Média Rápida 
 187.566 - Última Média LentaÚltima Volatilidade: 2.600 \ Média da Volatilidade: 2.187Diferença Atual: -1.911Gradiente rápido: -0.011 (Descendo)Gradiente lento: -0.008Decisão: Vender
---------------

2025-01-09 21:17:21,606 - INFO - ----------------------------
Executado: 2025-01-09 21:17:21
Posição atual: Vendido
Balanço atual: 0.0 (SOL)
----------------------------

2025-01-09 21:18:22,157 - INFO - ---------------
Estratégia executada: Moving Average com Volatilidade + Gradiente
SOLUSDT: 185.659 - Última Média Rápida 
 187.566 - Última Média LentaÚltima Volatilidade: 2.600 \ Média da Volatilidade: 2.187Diferença Atual: -1.908Gradiente rápido: -0.007 (Descendo)Gradiente lento: -0.008Decisão: Vender
---------------

2025-01-09 21:18:22,158 - INFO - ----------------------------
Executado: 2025-01-09 21:18:22
Posição atual: Vendido
Balanço atual: 0.0 (SOL)
----------------------------

2025-01-09 21:18:59,932 - INFO - Robo Trader iniciado...
2025-01-09 21:19:00,495 - INFO - ---------------
Estratégia executada: Moving Average com Volatilidade + Gradiente
SOLUSDT: 185.634 - Última Média Rápida 
 187.562 - Última Média LentaÚltima Volatilidade: 2.601 \ Média da Volatilidade: 2.187Diferença Atual: -1.928Gradiente rápido: -0.031 (Descendo)Gradiente lento: -0.012Decisão: Vender
---------------

2025-01-09 21:19:00,495 - INFO - ----------------------------
Executado: 2025-01-09 21:19:00
Posição atual: Vendido
Balanço atual: 0.0 (SOL)
----------------------------

